<?xml version="1.0" encoding="UTF-8"?>
<!-- Generated by org.testng.reporters.JUnitReportReporter -->
<testsuite hostname="DESKTOP-VTBVC1P" failures="0" tests="2" name="stepDefinitions.WebTest" time="2.330" errors="0" timestamp="2025-05-16T06:37:21 IST" skipped="0">
  <testcase classname="stepDefinitions.WebTest" name="driverSetup" time="2.184"/>
  <system-out/>
  <testcase classname="stepDefinitions.WebTest" name="verifyPageTitle" time="0.146"/>
  <system-out/>
</testsuite> <!-- stepDefinitions.WebTest -->
