<?xml version="1.0" encoding="UTF-8"?>
<!-- Generated by org.testng.reporters.JUnitReportReporter -->
<testsuite hostname="DESKTOP-VTBVC1P" failures="0" tests="1" name="stepDefinitions.WebTest" time="2.191" errors="0" timestamp="2025-05-16T06:03:56 IST" skipped="0">
  <testcase classname="stepDefinitions.WebTest" name="verifyPageTitle" time="2.191"/>
  <system-out/>
</testsuite> <!-- stepDefinitions.WebTest -->
